timestamp: 2014-09-30T14:01:18.274261
CREATE TABLE auth_user(
    id INTEGER PRIMARY KEY AUTOINCREMENT,
    first_name CHAR(128),
    last_name CHAR(128),
    email CHAR(512),
    username CHAR(128),
    password CHAR(512),
    registration_key CHAR(512),
    reset_password_key CHAR(512),
    registration_id CHAR(512),
    usertype CHAR(512),
    rollno INTEGER
);
success!
timestamp: 2014-09-30T14:01:18.289022
CREATE TABLE auth_group(
    id INTEGER PRIMARY KEY AUTOINCREMENT,
    role CHAR(512),
    description TEXT
);
success!
timestamp: 2014-09-30T14:01:18.293307
CREATE TABLE auth_membership(
    id INTEGER PRIMARY KEY AUTOINCREMENT,
    user_id INTEGER REFERENCES auth_user (id) ON DELETE CASCADE,
    group_id INTEGER REFERENCES auth_group (id) ON DELETE CASCADE
);
success!
timestamp: 2014-09-30T14:01:18.295532
CREATE TABLE auth_permission(
    id INTEGER PRIMARY KEY AUTOINCREMENT,
    group_id INTEGER REFERENCES auth_group (id) ON DELETE CASCADE,
    name CHAR(512),
    table_name CHAR(512),
    record_id INTEGER
);
success!
timestamp: 2014-09-30T14:01:18.297733
CREATE TABLE auth_event(
    id INTEGER PRIMARY KEY AUTOINCREMENT,
    time_stamp TIMESTAMP,
    client_ip CHAR(512),
    user_id INTEGER REFERENCES auth_user (id) ON DELETE CASCADE,
    origin CHAR(512),
    description TEXT
);
success!
timestamp: 2014-09-30T14:01:18.299946
CREATE TABLE auth_cas(
    id INTEGER PRIMARY KEY AUTOINCREMENT,
    user_id INTEGER REFERENCES auth_user (id) ON DELETE CASCADE,
    created_on TIMESTAMP,
    service CHAR(512),
    ticket CHAR(512),
    renew CHAR(1)
);
success!
timestamp: 2014-09-30T14:01:18.302502
CREATE TABLE Course(
    id INTEGER PRIMARY KEY AUTOINCREMENT,
    name CHAR(512),
    code CHAR(512)
);
success!
timestamp: 2014-09-30T14:01:18.305764
CREATE TABLE UploadedAssign(
    id INTEGER PRIMARY KEY AUTOINCREMENT,
    filename CHAR(512),
    student INTEGER REFERENCES auth_user (id) ON DELETE CASCADE
);
success!
timestamp: 2014-09-30T14:01:18.308093
CREATE TABLE Assign(
    id INTEGER PRIMARY KEY AUTOINCREMENT,
    course INTEGER REFERENCES Course (id) ON DELETE CASCADE,
    name CHAR(512),
    num INTEGER,
    start_time TIMESTAMP,
    end_time TIMESTAMP
);
success!
timestamp: 2014-09-30T14:01:18.310458
CREATE TABLE Problem(
    id INTEGER PRIMARY KEY AUTOINCREMENT,
    assign INTEGER REFERENCES Assign (id) ON DELETE CASCADE,
    num INTEGER,
    question CHAR(512),
    image CHAR(512),
    start_time TIMESTAMP,
    end_time TIMESTAMP
);
success!
timestamp: 2014-09-30T14:01:18.312657
CREATE TABLE ProbParam(
    id INTEGER PRIMARY KEY AUTOINCREMENT,
    prob INTEGER REFERENCES Problem (id) ON DELETE CASCADE,
    param CHAR(512)
);
success!
timestamp: 2014-09-30T14:01:18.314832
CREATE TABLE ParamOption(
    id INTEGER PRIMARY KEY AUTOINCREMENT,
    prob INTEGER REFERENCES Problem (id) ON DELETE CASCADE,
    param INTEGER REFERENCES ProbParam (id) ON DELETE CASCADE,
    opt CHAR(512),
    weight INTEGER
);
success!
timestamp: 2014-09-30T14:01:18.317206
CREATE TABLE TaProb(
    id INTEGER PRIMARY KEY AUTOINCREMENT,
    ta INTEGER REFERENCES auth_user (id) ON DELETE CASCADE,
    prob INTEGER REFERENCES Problem (id) ON DELETE CASCADE
);
success!
timestamp: 2014-09-30T14:01:18.319241
CREATE TABLE TaCourse(
    id INTEGER PRIMARY KEY AUTOINCREMENT,
    ta INTEGER REFERENCES auth_user (id) ON DELETE CASCADE,
    course INTEGER REFERENCES Course (id) ON DELETE CASCADE
);
success!
timestamp: 2014-09-30T14:01:18.321310
CREATE TABLE StudCourse(
    student INTEGER,
    course INTEGER,
    PRIMARY KEY(student, course)) ;
success!
timestamp: 2014-09-30T14:01:18.323494
CREATE TABLE FacCourse(
    id INTEGER PRIMARY KEY AUTOINCREMENT,
    faculty INTEGER REFERENCES auth_user (id) ON DELETE CASCADE,
    course INTEGER REFERENCES auth_user (id) ON DELETE CASCADE
);
success!
timestamp: 2014-09-30T14:01:18.325643
CREATE TABLE Submission(
    id INTEGER PRIMARY KEY AUTOINCREMENT,
    student INTEGER REFERENCES auth_user (id) ON DELETE CASCADE,
    course INTEGER REFERENCES Course (id) ON DELETE CASCADE,
    assign INTEGER REFERENCES Assign (id) ON DELETE CASCADE,
    problem INTEGER REFERENCES Problem (id) ON DELETE CASCADE,
    image CHAR(512),
    answer CHAR(512),
    marked CHAR(1)
);
success!
timestamp: 2014-09-30T14:01:18.327753
CREATE TABLE AutoAssign(
    id INTEGER PRIMARY KEY AUTOINCREMENT,
    upfile CHAR(512)
);
success!
timestamp: 2014-09-30T14:01:18.329708
CREATE TABLE ImageStack(
    id INTEGER PRIMARY KEY AUTOINCREMENT,
    course INTEGER REFERENCES Course (id) ON DELETE CASCADE,
    assign INTEGER REFERENCES Assign (id) ON DELETE CASCADE,
    upfile CHAR(512)
);
success!
timestamp: 2014-09-30T14:01:18.332089
CREATE TABLE SubmitReview(
    id INTEGER PRIMARY KEY AUTOINCREMENT,
    assign INTEGER REFERENCES Assign (id) ON DELETE CASCADE,
    student INTEGER REFERENCES auth_user (id) ON DELETE CASCADE,
    ta INTEGER REFERENCES auth_user (id) ON DELETE CASCADE,
    problem INTEGER REFERENCES Problem (id) ON DELETE CASCADE,
    marks DOUBLE,
    comments TEXT
);
success!
